<?xml version="1.0" encoding="UTF-8"?>
<!-- Generated by org.testng.reporters.JUnitReportReporter -->
<testsuite skipped="0" hostname="Mahesh-PC" name="sampleTest.LogFiles" tests="1" failures="0" timestamp="28 Jun 2018 18:01:03 GMT" time="25.340" errors="0">
  <testcase name="LogReports" time="25.340" classname="sampleTest.LogFiles"/>
</testsuite> <!-- sampleTest.LogFiles -->
