<?xml version="1.0" encoding="UTF-8"?>
<!-- Generated by org.testng.reporters.JUnitReportReporter -->
<testsuite skipped="0" hostname="Mahesh-PC" name="sampleTest.GmailLinksVerify" tests="1" failures="0" timestamp="03 Jul 2018 08:33:34 GMT" time="6.326" errors="0">
  <testcase name="newToursLoginTest" time="6.326" classname="sampleTest.GmailLinksVerify"/>
</testsuite> <!-- sampleTest.GmailLinksVerify -->
