<?xml version="1.0" encoding="UTF-8"?>
<!-- Generated by org.testng.reporters.JUnitReportReporter -->
<testsuite skipped="0" hostname="Mahesh-PC" name="sampleTest.VerifyingBrokenLinks" tests="1" failures="0" timestamp="28 Jun 2018 17:20:51 GMT" time="23.448" errors="0">
  <testcase name="authenticationWind" time="23.448" classname="sampleTest.VerifyingBrokenLinks"/>
</testsuite> <!-- sampleTest.VerifyingBrokenLinks -->
