<?xml version="1.0" encoding="UTF-8"?>
<!-- Generated by org.testng.reporters.JUnitReportReporter -->
<testsuite skipped="0" hostname="Mahesh-PC" name="sampleTest.NewToursLogin" tests="1" failures="0" timestamp="25 Jun 2018 12:40:20 GMT" time="4.839" errors="0">
  <testcase name="newToursLoginTest" time="4.839" classname="sampleTest.NewToursLogin"/>
</testsuite> <!-- sampleTest.NewToursLogin -->
